<?xml version="1.0" encoding="UTF-8"?>
<testng-results skipped="2" failed="0" ignored="0" total="2" passed="0">
  <reporter-output>
  </reporter-output>
  <suite name="Default suite" duration-ms="1705" started-at="2021-07-27T18:32:18Z" finished-at="2021-07-27T18:32:20Z">
    <groups>
    </groups>
    <test name="Default test" duration-ms="1705" started-at="2021-07-27T18:32:18Z" finished-at="2021-07-27T18:32:20Z">
      <class name="testCases.LoginPageTest">
        <test-method status="FAIL" signature="setUp()[pri:0, instance:testCases.LoginPageTest@642ee49c]" name="setUp" is-config="true" duration-ms="1651" started-at="2021-07-27T18:32:18Z" finished-at="2021-07-27T18:32:20Z">
          <exception class="org.openqa.selenium.SessionNotCreatedException">
            <message>
              <![CDATA[session not created: This version of ChromeDriver only supports Chrome version 88
Current browser version is 92.0.4515.107 with binary path C:\Program Files\Google\Chrome\Application\chrome.exe
Build info: version: '3.14.0', revision: 'aacccce0', time: '2018-08-02T20:19:58.91Z'
System info: host: 'DESKTOP-DMINAFR', ip: '192.168.1.74', os.name: 'Windows 10', os.arch: 'amd64', os.version: '10.0', java.version: '1.8.0_221'
Driver info: driver.version: ChromeDriver
remote stacktrace: Backtrace:
GetHandleVerifier [0x007EB963+483]
GetHandleVerifier [0x007EB941+449]
GetHandleVerifier [0x00B93308+3832712]
GetHandleVerifier [0x00BAD69A+3940122]
GetHandleVerifier [0x00BA9AFB+3924859]
GetHandleVerifier [0x00BA7D9C+3917340]
GetHandleVerifier [0x00BCE7FE+4075646]
GetHandleVerifier [0x00BCE56C+4074988]
GetHandleVerifier [0x00BCB2EB+4062059]
GetHandleVerifier [0x00BAED14+3945876]
GetHandleVerifier [0x00BAFBCE+3949646]
GetHandleVerifier [0x00BAFB59+3949529]
Ordinal0 [0x007AB5CC+46540]
Ordinal0 [0x007A9F53+40787]
Ordinal0 [0x007A9B12+39698]
GetHandleVerifier [0x00AB1468+2907368]
GetHandleVerifier [0x008F71EE+1096302]
GetHandleVerifier [0x008B3E8D+821005]
GetHandleVerifier [0x008B396B+819691]
GetHandleVerifier [0x008B3881+819457]
GetHandleVerifier [0x008DF463+998627]
BaseThreadInitThunk [0x75C9FA29+25]
RtlGetAppContainerNamedObjectPath [0x77377A7E+286]
RtlGetAppContainerNamedObjectPath [0x77377A4E+238]
]]>
            </message>
            <full-stacktrace>
              <![CDATA[org.openqa.selenium.SessionNotCreatedException: session not created: This version of ChromeDriver only supports Chrome version 88
Current browser version is 92.0.4515.107 with binary path C:\Program Files\Google\Chrome\Application\chrome.exe
Build info: version: '3.14.0', revision: 'aacccce0', time: '2018-08-02T20:19:58.91Z'
System info: host: 'DESKTOP-DMINAFR', ip: '192.168.1.74', os.name: 'Windows 10', os.arch: 'amd64', os.version: '10.0', java.version: '1.8.0_221'
Driver info: driver.version: ChromeDriver
remote stacktrace: Backtrace:
GetHandleVerifier [0x007EB963+483]
GetHandleVerifier [0x007EB941+449]
GetHandleVerifier [0x00B93308+3832712]
GetHandleVerifier [0x00BAD69A+3940122]
GetHandleVerifier [0x00BA9AFB+3924859]
GetHandleVerifier [0x00BA7D9C+3917340]
GetHandleVerifier [0x00BCE7FE+4075646]
GetHandleVerifier [0x00BCE56C+4074988]
GetHandleVerifier [0x00BCB2EB+4062059]
GetHandleVerifier [0x00BAED14+3945876]
GetHandleVerifier [0x00BAFBCE+3949646]
GetHandleVerifier [0x00BAFB59+3949529]
Ordinal0 [0x007AB5CC+46540]
Ordinal0 [0x007A9F53+40787]
Ordinal0 [0x007A9B12+39698]
GetHandleVerifier [0x00AB1468+2907368]
GetHandleVerifier [0x008F71EE+1096302]
GetHandleVerifier [0x008B3E8D+821005]
GetHandleVerifier [0x008B396B+819691]
GetHandleVerifier [0x008B3881+819457]
GetHandleVerifier [0x008DF463+998627]
BaseThreadInitThunk [0x75C9FA29+25]
RtlGetAppContainerNamedObjectPath [0x77377A7E+286]
RtlGetAppContainerNamedObjectPath [0x77377A4E+238]

at sun.reflect.NativeConstructorAccessorImpl.newInstance0(Native Method)
at sun.reflect.NativeConstructorAccessorImpl.newInstance(NativeConstructorAccessorImpl.java:62)
at sun.reflect.DelegatingConstructorAccessorImpl.newInstance(DelegatingConstructorAccessorImpl.java:45)
at java.lang.reflect.Constructor.newInstance(Constructor.java:423)
at org.openqa.selenium.remote.W3CHandshakeResponse.lambda$new$0(W3CHandshakeResponse.java:57)
at org.openqa.selenium.remote.W3CHandshakeResponse.lambda$getResponseFunction$2(W3CHandshakeResponse.java:104)
at org.openqa.selenium.remote.ProtocolHandshake.lambda$createSession$0(ProtocolHandshake.java:122)
at java.util.stream.ReferencePipeline$3$1.accept(ReferencePipeline.java:193)
at java.util.Spliterators$ArraySpliterator.tryAdvance(Spliterators.java:958)
at java.util.stream.ReferencePipeline.forEachWithCancel(ReferencePipeline.java:126)
at java.util.stream.AbstractPipeline.copyIntoWithCancel(AbstractPipeline.java:499)
at java.util.stream.AbstractPipeline.copyInto(AbstractPipeline.java:486)
at java.util.stream.AbstractPipeline.wrapAndCopyInto(AbstractPipeline.java:472)
at java.util.stream.FindOps$FindOp.evaluateSequential(FindOps.java:152)
at java.util.stream.AbstractPipeline.evaluate(AbstractPipeline.java:234)
at java.util.stream.ReferencePipeline.findFirst(ReferencePipeline.java:464)
at org.openqa.selenium.remote.ProtocolHandshake.createSession(ProtocolHandshake.java:125)
at org.openqa.selenium.remote.ProtocolHandshake.createSession(ProtocolHandshake.java:73)
at org.openqa.selenium.remote.HttpCommandExecutor.execute(HttpCommandExecutor.java:136)
at org.openqa.selenium.remote.service.DriverCommandExecutor.execute(DriverCommandExecutor.java:83)
at org.openqa.selenium.remote.RemoteWebDriver.execute(RemoteWebDriver.java:548)
at org.openqa.selenium.remote.RemoteWebDriver.startSession(RemoteWebDriver.java:212)
at org.openqa.selenium.remote.RemoteWebDriver.<init>(RemoteWebDriver.java:130)
at org.openqa.selenium.chrome.ChromeDriver.<init>(ChromeDriver.java:181)
at org.openqa.selenium.chrome.ChromeDriver.<init>(ChromeDriver.java:168)
at org.openqa.selenium.chrome.ChromeDriver.<init>(ChromeDriver.java:123)
at base.TestBase.initializeDriver(TestBase.java:23)
at testCases.LoginPageTest.setUp(LoginPageTest.java:23)
at sun.reflect.NativeMethodAccessorImpl.invoke0(Native Method)
at sun.reflect.NativeMethodAccessorImpl.invoke(NativeMethodAccessorImpl.java:62)
at sun.reflect.DelegatingMethodAccessorImpl.invoke(DelegatingMethodAccessorImpl.java:43)
at java.lang.reflect.Method.invoke(Method.java:498)
at org.testng.internal.MethodInvocationHelper.invokeMethod(MethodInvocationHelper.java:124)
at org.testng.internal.MethodInvocationHelper.invokeMethodConsideringTimeout(MethodInvocationHelper.java:59)
at org.testng.internal.Invoker.invokeConfigurationMethod(Invoker.java:458)
at org.testng.internal.Invoker.invokeConfigurations(Invoker.java:222)
at org.testng.internal.Invoker.invokeMethod(Invoker.java:523)
at org.testng.internal.Invoker.invokeTestMethod(Invoker.java:719)
at org.testng.internal.Invoker.invokeTestMethods(Invoker.java:989)
at org.testng.internal.TestMethodWorker.invokeTestMethods(TestMethodWorker.java:125)
at org.testng.internal.TestMethodWorker.run(TestMethodWorker.java:109)
at org.testng.TestRunner.privateRun(TestRunner.java:648)
at org.testng.TestRunner.run(TestRunner.java:505)
at org.testng.SuiteRunner.runTest(SuiteRunner.java:455)
at org.testng.SuiteRunner.runSequentially(SuiteRunner.java:450)
at org.testng.SuiteRunner.privateRun(SuiteRunner.java:415)
at org.testng.SuiteRunner.run(SuiteRunner.java:364)
at org.testng.SuiteRunnerWorker.runSuite(SuiteRunnerWorker.java:52)
at org.testng.SuiteRunnerWorker.run(SuiteRunnerWorker.java:84)
at org.testng.TestNG.runSuitesSequentially(TestNG.java:1208)
at org.testng.TestNG.runSuitesLocally(TestNG.java:1137)
at org.testng.TestNG.runSuites(TestNG.java:1049)
at org.testng.TestNG.run(TestNG.java:1017)
at org.testng.remote.AbstractRemoteTestNG.run(AbstractRemoteTestNG.java:115)
at org.testng.remote.RemoteTestNG.initAndRun(RemoteTestNG.java:251)
at org.testng.remote.RemoteTestNG.main(RemoteTestNG.java:77)
]]>
            </full-stacktrace>
          </exception> <!-- org.openqa.selenium.SessionNotCreatedException -->
          <reporter-output>
          </reporter-output>
        </test-method> <!-- setUp -->
        <test-method status="SKIP" signature="LoginTest()[pri:1, instance:testCases.LoginPageTest@642ee49c]" name="LoginTest" duration-ms="0" started-at="2021-07-27T18:32:20Z" finished-at="2021-07-27T18:32:20Z">
          <exception class="org.openqa.selenium.SessionNotCreatedException">
            <message>
              <![CDATA[session not created: This version of ChromeDriver only supports Chrome version 88
Current browser version is 92.0.4515.107 with binary path C:\Program Files\Google\Chrome\Application\chrome.exe
Build info: version: '3.14.0', revision: 'aacccce0', time: '2018-08-02T20:19:58.91Z'
System info: host: 'DESKTOP-DMINAFR', ip: '192.168.1.74', os.name: 'Windows 10', os.arch: 'amd64', os.version: '10.0', java.version: '1.8.0_221'
Driver info: driver.version: ChromeDriver
remote stacktrace: Backtrace:
GetHandleVerifier [0x007EB963+483]
GetHandleVerifier [0x007EB941+449]
GetHandleVerifier [0x00B93308+3832712]
GetHandleVerifier [0x00BAD69A+3940122]
GetHandleVerifier [0x00BA9AFB+3924859]
GetHandleVerifier [0x00BA7D9C+3917340]
GetHandleVerifier [0x00BCE7FE+4075646]
GetHandleVerifier [0x00BCE56C+4074988]
GetHandleVerifier [0x00BCB2EB+4062059]
GetHandleVerifier [0x00BAED14+3945876]
GetHandleVerifier [0x00BAFBCE+3949646]
GetHandleVerifier [0x00BAFB59+3949529]
Ordinal0 [0x007AB5CC+46540]
Ordinal0 [0x007A9F53+40787]
Ordinal0 [0x007A9B12+39698]
GetHandleVerifier [0x00AB1468+2907368]
GetHandleVerifier [0x008F71EE+1096302]
GetHandleVerifier [0x008B3E8D+821005]
GetHandleVerifier [0x008B396B+819691]
GetHandleVerifier [0x008B3881+819457]
GetHandleVerifier [0x008DF463+998627]
BaseThreadInitThunk [0x75C9FA29+25]
RtlGetAppContainerNamedObjectPath [0x77377A7E+286]
RtlGetAppContainerNamedObjectPath [0x77377A4E+238]
]]>
            </message>
            <full-stacktrace>
              <![CDATA[org.openqa.selenium.SessionNotCreatedException: session not created: This version of ChromeDriver only supports Chrome version 88
Current browser version is 92.0.4515.107 with binary path C:\Program Files\Google\Chrome\Application\chrome.exe
Build info: version: '3.14.0', revision: 'aacccce0', time: '2018-08-02T20:19:58.91Z'
System info: host: 'DESKTOP-DMINAFR', ip: '192.168.1.74', os.name: 'Windows 10', os.arch: 'amd64', os.version: '10.0', java.version: '1.8.0_221'
Driver info: driver.version: ChromeDriver
remote stacktrace: Backtrace:
GetHandleVerifier [0x007EB963+483]
GetHandleVerifier [0x007EB941+449]
GetHandleVerifier [0x00B93308+3832712]
GetHandleVerifier [0x00BAD69A+3940122]
GetHandleVerifier [0x00BA9AFB+3924859]
GetHandleVerifier [0x00BA7D9C+3917340]
GetHandleVerifier [0x00BCE7FE+4075646]
GetHandleVerifier [0x00BCE56C+4074988]
GetHandleVerifier [0x00BCB2EB+4062059]
GetHandleVerifier [0x00BAED14+3945876]
GetHandleVerifier [0x00BAFBCE+3949646]
GetHandleVerifier [0x00BAFB59+3949529]
Ordinal0 [0x007AB5CC+46540]
Ordinal0 [0x007A9F53+40787]
Ordinal0 [0x007A9B12+39698]
GetHandleVerifier [0x00AB1468+2907368]
GetHandleVerifier [0x008F71EE+1096302]
GetHandleVerifier [0x008B3E8D+821005]
GetHandleVerifier [0x008B396B+819691]
GetHandleVerifier [0x008B3881+819457]
GetHandleVerifier [0x008DF463+998627]
BaseThreadInitThunk [0x75C9FA29+25]
RtlGetAppContainerNamedObjectPath [0x77377A7E+286]
RtlGetAppContainerNamedObjectPath [0x77377A4E+238]

at sun.reflect.NativeConstructorAccessorImpl.newInstance0(Native Method)
at sun.reflect.NativeConstructorAccessorImpl.newInstance(NativeConstructorAccessorImpl.java:62)
at sun.reflect.DelegatingConstructorAccessorImpl.newInstance(DelegatingConstructorAccessorImpl.java:45)
at java.lang.reflect.Constructor.newInstance(Constructor.java:423)
at org.openqa.selenium.remote.W3CHandshakeResponse.lambda$new$0(W3CHandshakeResponse.java:57)
at org.openqa.selenium.remote.W3CHandshakeResponse.lambda$getResponseFunction$2(W3CHandshakeResponse.java:104)
at org.openqa.selenium.remote.ProtocolHandshake.lambda$createSession$0(ProtocolHandshake.java:122)
at java.util.stream.ReferencePipeline$3$1.accept(ReferencePipeline.java:193)
at java.util.Spliterators$ArraySpliterator.tryAdvance(Spliterators.java:958)
at java.util.stream.ReferencePipeline.forEachWithCancel(ReferencePipeline.java:126)
at java.util.stream.AbstractPipeline.copyIntoWithCancel(AbstractPipeline.java:499)
at java.util.stream.AbstractPipeline.copyInto(AbstractPipeline.java:486)
at java.util.stream.AbstractPipeline.wrapAndCopyInto(AbstractPipeline.java:472)
at java.util.stream.FindOps$FindOp.evaluateSequential(FindOps.java:152)
at java.util.stream.AbstractPipeline.evaluate(AbstractPipeline.java:234)
at java.util.stream.ReferencePipeline.findFirst(ReferencePipeline.java:464)
at org.openqa.selenium.remote.ProtocolHandshake.createSession(ProtocolHandshake.java:125)
at org.openqa.selenium.remote.ProtocolHandshake.createSession(ProtocolHandshake.java:73)
at org.openqa.selenium.remote.HttpCommandExecutor.execute(HttpCommandExecutor.java:136)
at org.openqa.selenium.remote.service.DriverCommandExecutor.execute(DriverCommandExecutor.java:83)
at org.openqa.selenium.remote.RemoteWebDriver.execute(RemoteWebDriver.java:548)
at org.openqa.selenium.remote.RemoteWebDriver.startSession(RemoteWebDriver.java:212)
at org.openqa.selenium.remote.RemoteWebDriver.<init>(RemoteWebDriver.java:130)
at org.openqa.selenium.chrome.ChromeDriver.<init>(ChromeDriver.java:181)
at org.openqa.selenium.chrome.ChromeDriver.<init>(ChromeDriver.java:168)
at org.openqa.selenium.chrome.ChromeDriver.<init>(ChromeDriver.java:123)
at base.TestBase.initializeDriver(TestBase.java:23)
at testCases.LoginPageTest.setUp(LoginPageTest.java:23)
at sun.reflect.NativeMethodAccessorImpl.invoke0(Native Method)
at sun.reflect.NativeMethodAccessorImpl.invoke(NativeMethodAccessorImpl.java:62)
at sun.reflect.DelegatingMethodAccessorImpl.invoke(DelegatingMethodAccessorImpl.java:43)
at java.lang.reflect.Method.invoke(Method.java:498)
at org.testng.internal.MethodInvocationHelper.invokeMethod(MethodInvocationHelper.java:124)
at org.testng.internal.MethodInvocationHelper.invokeMethodConsideringTimeout(MethodInvocationHelper.java:59)
at org.testng.internal.Invoker.invokeConfigurationMethod(Invoker.java:458)
at org.testng.internal.Invoker.invokeConfigurations(Invoker.java:222)
at org.testng.internal.Invoker.invokeMethod(Invoker.java:523)
at org.testng.internal.Invoker.invokeTestMethod(Invoker.java:719)
at org.testng.internal.Invoker.invokeTestMethods(Invoker.java:989)
at org.testng.internal.TestMethodWorker.invokeTestMethods(TestMethodWorker.java:125)
at org.testng.internal.TestMethodWorker.run(TestMethodWorker.java:109)
at org.testng.TestRunner.privateRun(TestRunner.java:648)
at org.testng.TestRunner.run(TestRunner.java:505)
at org.testng.SuiteRunner.runTest(SuiteRunner.java:455)
at org.testng.SuiteRunner.runSequentially(SuiteRunner.java:450)
at org.testng.SuiteRunner.privateRun(SuiteRunner.java:415)
at org.testng.SuiteRunner.run(SuiteRunner.java:364)
at org.testng.SuiteRunnerWorker.runSuite(SuiteRunnerWorker.java:52)
at org.testng.SuiteRunnerWorker.run(SuiteRunnerWorker.java:84)
at org.testng.TestNG.runSuitesSequentially(TestNG.java:1208)
at org.testng.TestNG.runSuitesLocally(TestNG.java:1137)
at org.testng.TestNG.runSuites(TestNG.java:1049)
at org.testng.TestNG.run(TestNG.java:1017)
at org.testng.remote.AbstractRemoteTestNG.run(AbstractRemoteTestNG.java:115)
at org.testng.remote.RemoteTestNG.initAndRun(RemoteTestNG.java:251)
at org.testng.remote.RemoteTestNG.main(RemoteTestNG.java:77)
]]>
            </full-stacktrace>
          </exception> <!-- org.openqa.selenium.SessionNotCreatedException -->
          <reporter-output>
          </reporter-output>
        </test-method> <!-- LoginTest -->
        <test-method status="SKIP" signature="tearDown()[pri:0, instance:testCases.LoginPageTest@642ee49c]" name="tearDown" is-config="true" duration-ms="0" started-at="2021-07-27T18:32:20Z" finished-at="2021-07-27T18:32:20Z">
          <reporter-output>
          </reporter-output>
        </test-method> <!-- tearDown -->
        <test-method status="SKIP" signature="setUp()[pri:0, instance:testCases.LoginPageTest@642ee49c]" name="setUp" is-config="true" duration-ms="0" started-at="2021-07-27T18:32:20Z" finished-at="2021-07-27T18:32:20Z">
          <reporter-output>
          </reporter-output>
        </test-method> <!-- setUp -->
        <test-method status="SKIP" signature="loginpageTitleTest()[pri:2, instance:testCases.LoginPageTest@642ee49c]" name="loginpageTitleTest" duration-ms="0" started-at="2021-07-27T18:32:20Z" finished-at="2021-07-27T18:32:20Z">
          <exception class="org.openqa.selenium.SessionNotCreatedException">
            <message>
              <![CDATA[session not created: This version of ChromeDriver only supports Chrome version 88
Current browser version is 92.0.4515.107 with binary path C:\Program Files\Google\Chrome\Application\chrome.exe
Build info: version: '3.14.0', revision: 'aacccce0', time: '2018-08-02T20:19:58.91Z'
System info: host: 'DESKTOP-DMINAFR', ip: '192.168.1.74', os.name: 'Windows 10', os.arch: 'amd64', os.version: '10.0', java.version: '1.8.0_221'
Driver info: driver.version: ChromeDriver
remote stacktrace: Backtrace:
GetHandleVerifier [0x007EB963+483]
GetHandleVerifier [0x007EB941+449]
GetHandleVerifier [0x00B93308+3832712]
GetHandleVerifier [0x00BAD69A+3940122]
GetHandleVerifier [0x00BA9AFB+3924859]
GetHandleVerifier [0x00BA7D9C+3917340]
GetHandleVerifier [0x00BCE7FE+4075646]
GetHandleVerifier [0x00BCE56C+4074988]
GetHandleVerifier [0x00BCB2EB+4062059]
GetHandleVerifier [0x00BAED14+3945876]
GetHandleVerifier [0x00BAFBCE+3949646]
GetHandleVerifier [0x00BAFB59+3949529]
Ordinal0 [0x007AB5CC+46540]
Ordinal0 [0x007A9F53+40787]
Ordinal0 [0x007A9B12+39698]
GetHandleVerifier [0x00AB1468+2907368]
GetHandleVerifier [0x008F71EE+1096302]
GetHandleVerifier [0x008B3E8D+821005]
GetHandleVerifier [0x008B396B+819691]
GetHandleVerifier [0x008B3881+819457]
GetHandleVerifier [0x008DF463+998627]
BaseThreadInitThunk [0x75C9FA29+25]
RtlGetAppContainerNamedObjectPath [0x77377A7E+286]
RtlGetAppContainerNamedObjectPath [0x77377A4E+238]
]]>
            </message>
            <full-stacktrace>
              <![CDATA[org.openqa.selenium.SessionNotCreatedException: session not created: This version of ChromeDriver only supports Chrome version 88
Current browser version is 92.0.4515.107 with binary path C:\Program Files\Google\Chrome\Application\chrome.exe
Build info: version: '3.14.0', revision: 'aacccce0', time: '2018-08-02T20:19:58.91Z'
System info: host: 'DESKTOP-DMINAFR', ip: '192.168.1.74', os.name: 'Windows 10', os.arch: 'amd64', os.version: '10.0', java.version: '1.8.0_221'
Driver info: driver.version: ChromeDriver
remote stacktrace: Backtrace:
GetHandleVerifier [0x007EB963+483]
GetHandleVerifier [0x007EB941+449]
GetHandleVerifier [0x00B93308+3832712]
GetHandleVerifier [0x00BAD69A+3940122]
GetHandleVerifier [0x00BA9AFB+3924859]
GetHandleVerifier [0x00BA7D9C+3917340]
GetHandleVerifier [0x00BCE7FE+4075646]
GetHandleVerifier [0x00BCE56C+4074988]
GetHandleVerifier [0x00BCB2EB+4062059]
GetHandleVerifier [0x00BAED14+3945876]
GetHandleVerifier [0x00BAFBCE+3949646]
GetHandleVerifier [0x00BAFB59+3949529]
Ordinal0 [0x007AB5CC+46540]
Ordinal0 [0x007A9F53+40787]
Ordinal0 [0x007A9B12+39698]
GetHandleVerifier [0x00AB1468+2907368]
GetHandleVerifier [0x008F71EE+1096302]
GetHandleVerifier [0x008B3E8D+821005]
GetHandleVerifier [0x008B396B+819691]
GetHandleVerifier [0x008B3881+819457]
GetHandleVerifier [0x008DF463+998627]
BaseThreadInitThunk [0x75C9FA29+25]
RtlGetAppContainerNamedObjectPath [0x77377A7E+286]
RtlGetAppContainerNamedObjectPath [0x77377A4E+238]

at sun.reflect.NativeConstructorAccessorImpl.newInstance0(Native Method)
at sun.reflect.NativeConstructorAccessorImpl.newInstance(NativeConstructorAccessorImpl.java:62)
at sun.reflect.DelegatingConstructorAccessorImpl.newInstance(DelegatingConstructorAccessorImpl.java:45)
at java.lang.reflect.Constructor.newInstance(Constructor.java:423)
at org.openqa.selenium.remote.W3CHandshakeResponse.lambda$new$0(W3CHandshakeResponse.java:57)
at org.openqa.selenium.remote.W3CHandshakeResponse.lambda$getResponseFunction$2(W3CHandshakeResponse.java:104)
at org.openqa.selenium.remote.ProtocolHandshake.lambda$createSession$0(ProtocolHandshake.java:122)
at java.util.stream.ReferencePipeline$3$1.accept(ReferencePipeline.java:193)
at java.util.Spliterators$ArraySpliterator.tryAdvance(Spliterators.java:958)
at java.util.stream.ReferencePipeline.forEachWithCancel(ReferencePipeline.java:126)
at java.util.stream.AbstractPipeline.copyIntoWithCancel(AbstractPipeline.java:499)
at java.util.stream.AbstractPipeline.copyInto(AbstractPipeline.java:486)
at java.util.stream.AbstractPipeline.wrapAndCopyInto(AbstractPipeline.java:472)
at java.util.stream.FindOps$FindOp.evaluateSequential(FindOps.java:152)
at java.util.stream.AbstractPipeline.evaluate(AbstractPipeline.java:234)
at java.util.stream.ReferencePipeline.findFirst(ReferencePipeline.java:464)
at org.openqa.selenium.remote.ProtocolHandshake.createSession(ProtocolHandshake.java:125)
at org.openqa.selenium.remote.ProtocolHandshake.createSession(ProtocolHandshake.java:73)
at org.openqa.selenium.remote.HttpCommandExecutor.execute(HttpCommandExecutor.java:136)
at org.openqa.selenium.remote.service.DriverCommandExecutor.execute(DriverCommandExecutor.java:83)
at org.openqa.selenium.remote.RemoteWebDriver.execute(RemoteWebDriver.java:548)
at org.openqa.selenium.remote.RemoteWebDriver.startSession(RemoteWebDriver.java:212)
at org.openqa.selenium.remote.RemoteWebDriver.<init>(RemoteWebDriver.java:130)
at org.openqa.selenium.chrome.ChromeDriver.<init>(ChromeDriver.java:181)
at org.openqa.selenium.chrome.ChromeDriver.<init>(ChromeDriver.java:168)
at org.openqa.selenium.chrome.ChromeDriver.<init>(ChromeDriver.java:123)
at base.TestBase.initializeDriver(TestBase.java:23)
at testCases.LoginPageTest.setUp(LoginPageTest.java:23)
at sun.reflect.NativeMethodAccessorImpl.invoke0(Native Method)
at sun.reflect.NativeMethodAccessorImpl.invoke(NativeMethodAccessorImpl.java:62)
at sun.reflect.DelegatingMethodAccessorImpl.invoke(DelegatingMethodAccessorImpl.java:43)
at java.lang.reflect.Method.invoke(Method.java:498)
at org.testng.internal.MethodInvocationHelper.invokeMethod(MethodInvocationHelper.java:124)
at org.testng.internal.MethodInvocationHelper.invokeMethodConsideringTimeout(MethodInvocationHelper.java:59)
at org.testng.internal.Invoker.invokeConfigurationMethod(Invoker.java:458)
at org.testng.internal.Invoker.invokeConfigurations(Invoker.java:222)
at org.testng.internal.Invoker.invokeMethod(Invoker.java:523)
at org.testng.internal.Invoker.invokeTestMethod(Invoker.java:719)
at org.testng.internal.Invoker.invokeTestMethods(Invoker.java:989)
at org.testng.internal.TestMethodWorker.invokeTestMethods(TestMethodWorker.java:125)
at org.testng.internal.TestMethodWorker.run(TestMethodWorker.java:109)
at org.testng.TestRunner.privateRun(TestRunner.java:648)
at org.testng.TestRunner.run(TestRunner.java:505)
at org.testng.SuiteRunner.runTest(SuiteRunner.java:455)
at org.testng.SuiteRunner.runSequentially(SuiteRunner.java:450)
at org.testng.SuiteRunner.privateRun(SuiteRunner.java:415)
at org.testng.SuiteRunner.run(SuiteRunner.java:364)
at org.testng.SuiteRunnerWorker.runSuite(SuiteRunnerWorker.java:52)
at org.testng.SuiteRunnerWorker.run(SuiteRunnerWorker.java:84)
at org.testng.TestNG.runSuitesSequentially(TestNG.java:1208)
at org.testng.TestNG.runSuitesLocally(TestNG.java:1137)
at org.testng.TestNG.runSuites(TestNG.java:1049)
at org.testng.TestNG.run(TestNG.java:1017)
at org.testng.remote.AbstractRemoteTestNG.run(AbstractRemoteTestNG.java:115)
at org.testng.remote.RemoteTestNG.initAndRun(RemoteTestNG.java:251)
at org.testng.remote.RemoteTestNG.main(RemoteTestNG.java:77)
]]>
            </full-stacktrace>
          </exception> <!-- org.openqa.selenium.SessionNotCreatedException -->
          <reporter-output>
          </reporter-output>
        </test-method> <!-- loginpageTitleTest -->
        <test-method status="SKIP" signature="tearDown()[pri:0, instance:testCases.LoginPageTest@642ee49c]" name="tearDown" is-config="true" duration-ms="0" started-at="2021-07-27T18:32:20Z" finished-at="2021-07-27T18:32:20Z">
          <reporter-output>
          </reporter-output>
        </test-method> <!-- tearDown -->
      </class> <!-- testCases.LoginPageTest -->
    </test> <!-- Default test -->
  </suite> <!-- Default suite -->
</testng-results>
